<?xml version="1.0" encoding="UTF-8"?>
<testng-results skipped="0" failed="0" total="1" passed="1">
  <reporter-output>
  </reporter-output>
  <suite name="Default suite" duration-ms="20735" started-at="2014-12-05T06:53:47Z" finished-at="2014-12-05T06:54:08Z">
    <groups>
    </groups>
    <test name="Default test" duration-ms="20735" started-at="2014-12-05T06:53:47Z" finished-at="2014-12-05T06:54:08Z">
      <class name="com.ESPN.tests.TestLogin">
        <test-method status="PASS" signature="SetUp()[pri:0, instance:com.ESPN.tests.TestLogin@546a03af]" name="SetUp" is-config="true" duration-ms="12673" started-at="2014-12-04T22:53:47Z" finished-at="2014-12-04T22:54:00Z">
          <reporter-output>
          </reporter-output>
        </test-method> <!-- SetUp -->
        <test-method status="PASS" signature="VerifyTitleTest01()[pri:0, instance:com.ESPN.tests.TestLogin@546a03af]" name="VerifyTitleTest01" duration-ms="7544" started-at="2014-12-04T22:54:00Z" finished-at="2014-12-04T22:54:07Z">
          <reporter-output>
          </reporter-output>
        </test-method> <!-- VerifyTitleTest01 -->
        <test-method status="PASS" signature="Close()[pri:0, instance:com.ESPN.tests.TestLogin@546a03af]" name="Close" is-config="true" duration-ms="487" started-at="2014-12-04T22:54:07Z" finished-at="2014-12-04T22:54:08Z">
          <reporter-output>
          </reporter-output>
        </test-method> <!-- Close -->
      </class> <!-- com.ESPN.tests.TestLogin -->
    </test> <!-- Default test -->
  </suite> <!-- Default suite -->
</testng-results>
